<?xml version="1.0" encoding="UTF-8"?>
<testsuite xmlns:xsi="http://www.w3.org/2001/XMLSchema-instance" xsi:noNamespaceSchemaLocation="https://maven.apache.org/surefire/maven-surefire-plugin/xsd/surefire-test-report.xsd" version="3.0.2" name="com.example.demo.DemoApplicationTests" time="4.098" tests="1" errors="0" skipped="0" failures="0">
  <properties>
[...]
</properties>
  <testcase name="contextLoads" classname="com.example.demo.DemoApplicationTests" time="1.115">
    <system-out><![CDATA[11:55:25.927 [main] INFO org.springframework.test.context.support.AnnotationConfigContextLoaderUtils -- Could not detect default configuration classes for test class [com.example.demo.DemoApplicationTests]: DemoApplicationTests does not declare any static, non-private, non-final, nested classes annotated with @Configuration.
11:55:26.093 [main] INFO org.springframework.boot.test.context.SpringBootTestContextBootstrapper -- Found @SpringBootConfiguration com.example.demo.DemoApplication for test class com.example.demo.DemoApplicationTests
11:55:26.306 [main] INFO org.springframework.boot.devtools.restart.RestartApplicationListener -- Restart disabled due to context in which it is running

  .   ____          _            __ _ _
 /\\ / ___'_ __ _ _(_)_ __  __ _ \ \ \ \
( ( )\___ | '_ | '_| | '_ \/ _` | \ \ \ \
 \\/  ___)| |_)| | | | | || (_| |  ) ) ) )
  '  |____| .__|_| |_|_| |_\__, | / / / /
 =========|_|==============|___/=/_/_/_/

 :: Spring Boot ::                (v3.4.9)

2025-08-29T11:55:26.632+05:30  WARN 15576 --- [demo] [           main] ory$DuplicateJsonObjectContextCustomizer : 

Found multiple occurrences of org.json.JSONObject on the class path:

	jar:file:/C:/Users/prama/.m2/repository/org/json/json/20230227/json-20230227.jar!/org/json/JSONObject.class
	jar:file:/C:/Users/prama/.m2/repository/com/vaadin/external/google/android-json/0.0.20131108.vaadin1/android-json-0.0.20131108.vaadin1.jar!/org/json/JSONObject.class

You may wish to exclude one of them to ensure predictable runtime behavior

2025-08-29T11:55:26.661+05:30  INFO 15576 --- [demo] [           main] com.example.demo.DemoApplicationTests    : Starting DemoApplicationTests using Java 19.0.2 with PID 15576 (started by prama in C:\Users\prama\Downloads\demo)
2025-08-29T11:55:26.662+05:30  INFO 15576 --- [demo] [           main] com.example.demo.DemoApplicationTests    : No active profile set, falling back to 1 default profile: "default"
2025-08-29T11:55:28.064+05:30  INFO 15576 --- [demo] [           main] com.example.demo.DemoApplicationTests    : Started DemoApplicationTests in 1.771 seconds (process running for 2.927)
✅ Application started...
✅ Webhook URL: https://bfhldevapigw.healthrx.co.in/hiring/testWebhook/JAVA
✅ Access Token: eyJhbGciOiJIUzI1NiJ9.eyJyZWdObyI6IjIyQkNFMjAzNTciLCJuYW1lIjoiTVVUWUFMQSBUSEFOVUpBIiwiZW1haWwiOiJtdHJlZGR5MjUwOEBnbWFpbC5jb20iLCJzdWIiOiJ3ZWJob29rLXVzZXIiLCJpYXQiOjE3NTY0NDg3MjgsImV4cCI6MTc1NjQ0OTYyOH0.TtiRl8ke9Fp0urHchb4rskdeAWxzXN9d565dcoJ7GC8
✅ Solution Response: {"success":true,"message":"Webhook processed successfully"}
]]></system-out>
  </testcase>
</testsuite>